[0201/200921.980:ERROR:process_memory_win.cc(73)] ReadMemory at 0x7ff6213d0000 of 64 bytes failed: Only part of a ReadProcessMemory or WriteProcessMemory request was completed. (0x12B)
[0201/200922.011:WARNING:pe_image_reader.cc(340)] could not read dos header from C:\Program Files (x86)\Google\Chrome\Application\chrome.exe
[0201/200922.011:ERROR:process_memory_win.cc(73)] ReadMemory at 0x7ffc9ec40000 of 64 bytes failed: Only part of a ReadProcessMemory or WriteProcessMemory request was completed. (0x12B)
[0201/200922.011:WARNING:pe_image_reader.cc(340)] could not read dos header from C:\WINDOWS\SYSTEM32\ntdll.dll
[0201/200922.011:ERROR:process_memory_win.cc(73)] ReadMemory at 0x7ffc9df80000 of 64 bytes failed: Only part of a ReadProcessMemory or WriteProcessMemory request was completed. (0x12B)
[0201/200922.011:WARNING:pe_image_reader.cc(340)] could not read dos header from C:\WINDOWS\System32\KERNEL32.DLL
[0201/200922.011:ERROR:process_memory_win.cc(73)] ReadMemory at 0x7ffc9c8a0000 of 64 bytes failed: Only part of a ReadProcessMemory or WriteProcessMemory request was completed. (0x12B)
[0201/200922.011:WARNING:pe_image_reader.cc(340)] could not read dos header from C:\WINDOWS\System32\KERNELBASE.dll
[0201/200922.011:ERROR:process_memory_win.cc(73)] ReadMemory at 0x7ffc6c9a0000 of 64 bytes failed: Only part of a ReadProcessMemory or WriteProcessMemory request was completed. (0x12B)
[0201/200922.011:WARNING:pe_image_reader.cc(340)] could not read dos header from C:\Program Files (x86)\Google\Chrome\Application\79.0.3945.130\chrome_elf.dll
[0201/200922.011:ERROR:process_memory_win.cc(73)] ReadMemory at 0x7ffc94080000 of 64 bytes failed: Only part of a ReadProcessMemory or WriteProcessMemory request was completed. (0x12B)
[0201/200922.011:WARNING:pe_image_reader.cc(340)] could not read dos header from C:\WINDOWS\SYSTEM32\VERSION.dll
[0201/200922.011:ERROR:process_memory_win.cc(73)] ReadMemory at 0x7ffc9d940000 of 64 bytes failed: Only part of a ReadProcessMemory or WriteProcessMemory request was completed. (0x12B)
[0201/200922.011:WARNING:pe_image_reader.cc(340)] could not read dos header from C:\WINDOWS\System32\msvcrt.dll
[0201/200922.011:ERROR:process_memory_win.cc(73)] ReadMemory at 0x7ffc9ccd0000 of 64 bytes failed: Only part of a ReadProcessMemory or WriteProcessMemory request was completed. (0x12B)
[0201/200922.011:WARNING:pe_image_reader.cc(340)] could not read dos header from C:\WINDOWS\System32\bcryptPrimitives.dll
[0201/200922.011:ERROR:process_memory_win.cc(73)] ReadMemory at 0x7ffc9dbc0000 of 64 bytes failed: Only part of a ReadProcessMemory or WriteProcessMemory request was completed. (0x12B)
[0201/200922.011:WARNING:pe_image_reader.cc(340)] could not read dos header from C:\WINDOWS\System32\ADVAPI32.dll
[0201/200922.011:ERROR:process_memory_win.cc(73)] ReadMemory at 0x7ffc9d470000 of 64 bytes failed: Only part of a ReadProcessMemory or WriteProcessMemory request was completed. (0x12B)
[0201/200922.011:WARNING:pe_image_reader.cc(340)] could not read dos header from C:\WINDOWS\System32\sechost.dll
[0201/200922.011:ERROR:process_memory_win.cc(73)] ReadMemory at 0x7ffc9e1a0000 of 64 bytes failed: Only part of a ReadProcessMemory or WriteProcessMemory request was completed. (0x12B)
[0201/200922.011:WARNING:pe_image_reader.cc(340)] could not read dos header from C:\WINDOWS\System32\RPCRT4.dll
[0201/200922.011:ERROR:process_memory_win.cc(73)] ReadMemory at 0x7ffc54e00000 of 64 bytes failed: Only part of a ReadProcessMemory or WriteProcessMemory request was completed. (0x12B)
[0201/200922.011:WARNING:pe_image_reader.cc(340)] could not read dos header from C:\Program Files (x86)\Google\Chrome\Application\79.0.3945.130\chrome_child.dll
[0201/200922.011:ERROR:process_memory_win.cc(73)] ReadMemory at 0x7ffc9d870000 of 64 bytes failed: Only part of a ReadProcessMemory or WriteProcessMemory request was completed. (0x12B)
[0201/200922.011:WARNING:pe_image_reader.cc(340)] could not read dos header from C:\WINDOWS\System32\OLEAUT32.dll
[0201/200922.011:ERROR:process_memory_win.cc(73)] ReadMemory at 0x7ffc9c800000 of 64 bytes failed: Only part of a ReadProcessMemory or WriteProcessMemory request was completed. (0x12B)
[0201/200922.011:WARNING:pe_image_reader.cc(340)] could not read dos header from C:\WINDOWS\System32\msvcp_win.dll
[0201/200922.011:ERROR:process_memory_win.cc(73)] ReadMemory at 0x7ffc9c700000 of 64 bytes failed: Only part of a ReadProcessMemory or WriteProcessMemory request was completed. (0x12B)
[0201/200922.011:WARNING:pe_image_reader.cc(340)] could not read dos header from C:\WINDOWS\System32\ucrtbase.dll
[0201/200922.011:ERROR:process_memory_win.cc(73)] ReadMemory at 0x7ffc9d510000 of 64 bytes failed: Only part of a ReadProcessMemory or WriteProcessMemory request was completed. (0x12B)
[0201/200922.011:WARNING:pe_image_reader.cc(340)] could not read dos header from C:\WINDOWS\System32\combase.dll
[0201/200922.011:ERROR:process_memory_win.cc(73)] ReadMemory at 0x7ffc9da20000 of 64 bytes failed: Only part of a ReadProcessMemory or WriteProcessMemory request was completed. (0x12B)
[0201/200922.011:WARNING:pe_image_reader.cc(340)] could not read dos header from C:\WINDOWS\System32\WS2_32.dll
[0201/200922.011:ERROR:process_memory_win.cc(73)] ReadMemory at 0x7ffc9c4e0000 of 64 bytes failed: Only part of a ReadProcessMemory or WriteProcessMemory request was completed. (0x12B)
[0201/200922.011:WARNING:pe_image_reader.cc(340)] could not read dos header from C:\WINDOWS\System32\WINTRUST.dll
[0201/200922.011:ERROR:process_memory_win.cc(73)] ReadMemory at 0x7ffc9bc60000 of 64 bytes failed: Only part of a ReadProcessMemory or WriteProcessMemory request was completed. (0x12B)
[0201/200922.011:WARNING:pe_image_reader.cc(340)] could not read dos header from C:\WINDOWS\System32\MSASN1.dll
[0201/200922.011:ERROR:process_memory_win.cc(73)] ReadMemory at 0x7ffc9cb80000 of 64 bytes failed: Only part of a ReadProcessMemory or WriteProcessMemory request was completed. (0x12B)
[0201/200922.011:WARNING:pe_image_reader.cc(340)] could not read dos header from C:\WINDOWS\System32\CRYPT32.dll
[0201/200922.011:ERROR:process_memory_win.cc(73)] ReadMemory at 0x7ffc9b0e0000 of 64 bytes failed: Only part of a ReadProcessMemory or WriteProcessMemory request was completed. (0x12B)
[0201/200922.011:WARNING:pe_image_reader.cc(340)] could not read dos header from C:\WINDOWS\SYSTEM32\IPHLPAPI.DLL
[0201/200922.011:ERROR:process_memory_win.cc(73)] ReadMemory at 0x7ffc98220000 of 64 bytes failed: Only part of a ReadProcessMemory or WriteProcessMemory request was completed. (0x12B)
[0201/200922.011:WARNING:pe_image_reader.cc(340)] could not read dos header from C:\WINDOWS\SYSTEM32\WINMM.dll
[0201/200922.011:ERROR:process_memory_win.cc(73)] ReadMemory at 0x7ffc9bae0000 of 64 bytes failed: Only part of a ReadProcessMemory or WriteProcessMemory request was completed. (0x12B)
[0201/200922.011:WARNING:pe_image_reader.cc(340)] could not read dos header from C:\WINDOWS\SYSTEM32\USERENV.dll
[0201/200922.026:ERROR:process_memory_win.cc(73)] ReadMemory at 0x7ffc9bbf0000 of 64 bytes failed: Only part of a ReadProcessMemory or WriteProcessMemory request was completed. (0x12B)
[0201/200922.026:WARNING:pe_image_reader.cc(340)] could not read dos header from C:\WINDOWS\System32\profapi.dll
[0201/200922.026:ERROR:process_memory_win.cc(73)] ReadMemory at 0x7ffc8cbc0000 of 64 bytes failed: Only part of a ReadProcessMemory or WriteProcessMemory request was completed. (0x12B)
[0201/200922.026:WARNING:pe_image_reader.cc(340)] could not read dos header from C:\WINDOWS\SYSTEM32\DWrite.dll
[0201/200922.026:ERROR:process_memory_win.cc(73)] ReadMemory at 0x7ffc8ef80000 of 64 bytes failed: Only part of a ReadProcessMemory or WriteProcessMemory request was completed. (0x12B)
[0201/200922.026:WARNING:pe_image_reader.cc(340)] could not read dos header from C:\WINDOWS\SYSTEM32\WINSPOOL.DRV
[0201/200922.026:ERROR:process_memory_win.cc(73)] ReadMemory at 0x7ffc9bbd0000 of 64 bytes failed: Only part of a ReadProcessMemory or WriteProcessMemory request was completed. (0x12B)
[0201/200922.026:WARNING:pe_image_reader.cc(340)] could not read dos header from C:\WINDOWS\System32\kernel.appcore.dll
[0201/200922.026:ERROR:process_memory_win.cc(73)] ReadMemory at 0x7ffc9cb50000 of 64 bytes failed: Only part of a ReadProcessMemory or WriteProcessMemory request was completed. (0x12B)
[0201/200922.026:WARNING:pe_image_reader.cc(340)] could not read dos header from C:\WINDOWS\System32\bcrypt.dll
[0201/200922.026:ERROR:process_memory_win.cc(73)] ReadMemory at 0x7ffc922e0000 of 64 bytes failed: Only part of a ReadProcessMemory or WriteProcessMemory request was completed. (0x12B)
[0201/200922.026:WARNING:pe_image_reader.cc(340)] could not read dos header from C:\WINDOWS\SYSTEM32\dbghelp.dll
[0201/200922.026:ERROR:process_memory_win.cc(73)] ReadMemory at 0x7ffc89000000 of 64 bytes failed: Only part of a ReadProcessMemory or WriteProcessMemory request was completed. (0x12B)
[0201/200922.026:WARNING:pe_image_reader.cc(340)] could not read dos header from C:\WINDOWS\SYSTEM32\Secur32.dll
[0201/200922.026:ERROR:process_memory_win.cc(73)] ReadMemory at 0x7ffc96480000 of 64 bytes failed: Only part of a ReadProcessMemory or WriteProcessMemory request was completed. (0x12B)
[0201/200922.026:WARNING:pe_image_reader.cc(340)] could not read dos header from C:\WINDOWS\SYSTEM32\WINHTTP.dll
[0201/200922.026:ERROR:process_memory_win.cc(73)] ReadMemory at 0x7ffc96a20000 of 64 bytes failed: Only part of a ReadProcessMemory or WriteProcessMemory request was completed. (0x12B)
[0201/200922.026:WARNING:pe_image_reader.cc(340)] could not read dos header from C:\WINDOWS\SYSTEM32\dhcpcsvc.DLL
[0201/200922.026:ERROR:process_memory_win.cc(73)] ReadMemory at 0x7ffc9df70000 of 64 bytes failed: Only part of a ReadProcessMemory or WriteProcessMemory request was completed. (0x12B)
[0201/200922.026:WARNING:pe_image_reader.cc(340)] could not read dos header from C:\WINDOWS\System32\NSI.dll
[0201/200922.026:ERROR:process_memory_win.cc(73)] ReadMemory at 0x7ffc981c0000 of 64 bytes failed: Only part of a ReadProcessMemory or WriteProcessMemory request was completed. (0x12B)
[0201/200922.026:WARNING:pe_image_reader.cc(340)] could not read dos header from C:\WINDOWS\SYSTEM32\WINMMBASE.dll
[0201/200922.026:ERROR:process_memory_win.cc(73)] ReadMemory at 0x7ffc9cd50000 of 64 bytes failed: Only part of a ReadProcessMemory or WriteProcessMemory request was completed. (0x12B)
[0201/200922.026:WARNING:pe_image_reader.cc(340)] could not read dos header from C:\WINDOWS\System32\cfgmgr32.dll
[0201/200922.026:ERROR:process_memory_win.cc(73)] ReadMemory at 0x7ffc98520000 of 64 bytes failed: Only part of a ReadProcessMemory or WriteProcessMemory request was completed. (0x12B)
[0201/200922.026:WARNING:pe_image_reader.cc(340)] could not read dos header from C:\WINDOWS\SYSTEM32\PROPSYS.dll
[0201/200922.026:ERROR:process_memory_win.cc(73)] ReadMemory at 0x7ffc9da90000 of 64 bytes failed: Only part of a ReadProcessMemory or WriteProcessMemory request was completed. (0x12B)
[0201/200922.026:WARNING:pe_image_reader.cc(340)] could not read dos header from C:\WINDOWS\System32\shcore.dll
[0201/200922.026:ERROR:process_memory_win.cc(73)] ReadMemory at 0x7ffc9bab0000 of 64 bytes failed: Only part of a ReadProcessMemory or WriteProcessMemory request was completed. (0x12B)
[0201/200922.026:WARNING:pe_image_reader.cc(340)] could not read dos header from C:\WINDOWS\SYSTEM32\SSPICLI.DLL
[0201/200922.026:ERROR:process_memory_win.cc(73)] ReadMemory at 0x7ffc9b5a0000 of 64 bytes failed: Only part of a ReadProcessMemory or WriteProcessMemory request was completed. (0x12B)
[0201/200922.026:WARNING:pe_image_reader.cc(340)] could not read dos header from C:\WINDOWS\SYSTEM32\CRYPTBASE.DLL
[0201/200922.026:ERROR:process_memory_win.cc(73)] ReadMemory at 0x7ff6213d0000 of 64 bytes failed: Only part of a ReadProcessMemory or WriteProcessMemory request was completed. (0x12B)
[0201/200922.026:WARNING:pe_image_reader.cc(340)] could not read dos header from C:\Program Files (x86)\Google\Chrome\Application\chrome.exe
[0201/200922.026:ERROR:process_memory_win.cc(73)] ReadMemory at 0x7ffc9ec40000 of 64 bytes failed: Only part of a ReadProcessMemory or WriteProcessMemory request was completed. (0x12B)
[0201/200922.026:WARNING:pe_image_reader.cc(340)] could not read dos header from C:\WINDOWS\SYSTEM32\ntdll.dll
[0201/200922.026:ERROR:process_memory_win.cc(73)] ReadMemory at 0x7ffc9df80000 of 64 bytes failed: Only part of a ReadProcessMemory or WriteProcessMemory request was completed. (0x12B)
[0201/200922.026:WARNING:pe_image_reader.cc(340)] could not read dos header from C:\WINDOWS\System32\KERNEL32.DLL
[0201/200922.026:ERROR:process_memory_win.cc(73)] ReadMemory at 0x7ffc9c8a0000 of 64 bytes failed: Only part of a ReadProcessMemory or WriteProcessMemory request was completed. (0x12B)
[0201/200922.026:WARNING:pe_image_reader.cc(340)] could not read dos header from C:\WINDOWS\System32\KERNELBASE.dll
[0201/200922.026:ERROR:process_memory_win.cc(73)] ReadMemory at 0x7ffc6c9a0000 of 64 bytes failed: Only part of a ReadProcessMemory or WriteProcessMemory request was completed. (0x12B)
[0201/200922.026:WARNING:pe_image_reader.cc(340)] could not read dos header from C:\Program Files (x86)\Google\Chrome\Application\79.0.3945.130\chrome_elf.dll
[0201/200922.026:ERROR:process_memory_win.cc(73)] ReadMemory at 0x7ffc94080000 of 64 bytes failed: Only part of a ReadProcessMemory or WriteProcessMemory request was completed. (0x12B)
[0201/200922.026:WARNING:pe_image_reader.cc(340)] could not read dos header from C:\WINDOWS\SYSTEM32\VERSION.dll
[0201/200922.026:ERROR:process_memory_win.cc(73)] ReadMemory at 0x7ffc9d940000 of 64 bytes failed: Only part of a ReadProcessMemory or WriteProcessMemory request was completed. (0x12B)
[0201/200922.026:WARNING:pe_image_reader.cc(340)] could not read dos header from C:\WINDOWS\System32\msvcrt.dll
[0201/200922.026:ERROR:process_memory_win.cc(73)] ReadMemory at 0x7ffc9ccd0000 of 64 bytes failed: Only part of a ReadProcessMemory or WriteProcessMemory request was completed. (0x12B)
[0201/200922.026:WARNING:pe_image_reader.cc(340)] could not read dos header from C:\WINDOWS\System32\bcryptPrimitives.dll
[0201/200922.026:ERROR:process_memory_win.cc(73)] ReadMemory at 0x7ffc9dbc0000 of 64 bytes failed: Only part of a ReadProcessMemory or WriteProcessMemory request was completed. (0x12B)
[0201/200922.026:WARNING:pe_image_reader.cc(340)] could not read dos header from C:\WINDOWS\System32\ADVAPI32.dll
[0201/200922.026:ERROR:process_memory_win.cc(73)] ReadMemory at 0x7ffc9d470000 of 64 bytes failed: Only part of a ReadProcessMemory or WriteProcessMemory request was completed. (0x12B)
[0201/200922.026:WARNING:pe_image_reader.cc(340)] could not read dos header from C:\WINDOWS\System32\sechost.dll
[0201/200922.026:ERROR:process_memory_win.cc(73)] ReadMemory at 0x7ffc9e1a0000 of 64 bytes failed: Only part of a ReadProcessMemory or WriteProcessMemory request was completed. (0x12B)
[0201/200922.026:WARNING:pe_image_reader.cc(340)] could not read dos header from C:\WINDOWS\System32\RPCRT4.dll
[0201/200922.026:ERROR:process_memory_win.cc(73)] ReadMemory at 0x7ffc54e00000 of 64 bytes failed: Only part of a ReadProcessMemory or WriteProcessMemory request was completed. (0x12B)
[0201/200922.026:WARNING:pe_image_reader.cc(340)] could not read dos header from C:\Program Files (x86)\Google\Chrome\Application\79.0.3945.130\chrome_child.dll
[0201/200922.026:ERROR:process_memory_win.cc(73)] ReadMemory at 0x7ffc9d870000 of 64 bytes failed: Only part of a ReadProcessMemory or WriteProcessMemory request was completed. (0x12B)
[0201/200922.026:WARNING:pe_image_reader.cc(340)] could not read dos header from C:\WINDOWS\System32\OLEAUT32.dll
[0201/200922.026:ERROR:process_memory_win.cc(73)] ReadMemory at 0x7ffc9c800000 of 64 bytes failed: Only part of a ReadProcessMemory or WriteProcessMemory request was completed. (0x12B)
[0201/200922.026:WARNING:pe_image_reader.cc(340)] could not read dos header from C:\WINDOWS\System32\msvcp_win.dll
[0201/200922.026:ERROR:process_memory_win.cc(73)] ReadMemory at 0x7ffc9c700000 of 64 bytes failed: Only part of a ReadProcessMemory or WriteProcessMemory request was completed. (0x12B)
[0201/200922.026:WARNING:pe_image_reader.cc(340)] could not read dos header from C:\WINDOWS\System32\ucrtbase.dll
[0201/200922.026:ERROR:process_memory_win.cc(73)] ReadMemory at 0x7ffc9d510000 of 64 bytes failed: Only part of a ReadProcessMemory or WriteProcessMemory request was completed. (0x12B)
[0201/200922.026:WARNING:pe_image_reader.cc(340)] could not read dos header from C:\WINDOWS\System32\combase.dll
[0201/200922.026:ERROR:process_memory_win.cc(73)] ReadMemory at 0x7ffc9da20000 of 64 bytes failed: Only part of a ReadProcessMemory or WriteProcessMemory request was completed. (0x12B)
[0201/200922.026:WARNING:pe_image_reader.cc(340)] could not read dos header from C:\WINDOWS\System32\WS2_32.dll
[0201/200922.026:ERROR:process_memory_win.cc(73)] ReadMemory at 0x7ffc9c4e0000 of 64 bytes failed: Only part of a ReadProcessMemory or WriteProcessMemory request was completed. (0x12B)
[0201/200922.026:WARNING:pe_image_reader.cc(340)] could not read dos header from C:\WINDOWS\System32\WINTRUST.dll
[0201/200922.026:ERROR:process_memory_win.cc(73)] ReadMemory at 0x7ffc9bc60000 of 64 bytes failed: Only part of a ReadProcessMemory or WriteProcessMemory request was completed. (0x12B)
[0201/200922.026:WARNING:pe_image_reader.cc(340)] could not read dos header from C:\WINDOWS\System32\MSASN1.dll
[0201/200922.026:ERROR:process_memory_win.cc(73)] ReadMemory at 0x7ffc9cb80000 of 64 bytes failed: Only part of a ReadProcessMemory or WriteProcessMemory request was completed. (0x12B)
[0201/200922.026:WARNING:pe_image_reader.cc(340)] could not read dos header from C:\WINDOWS\System32\CRYPT32.dll
[0201/200922.026:ERROR:process_memory_win.cc(73)] ReadMemory at 0x7ffc9b0e0000 of 64 bytes failed: Only part of a ReadProcessMemory or WriteProcessMemory request was completed. (0x12B)
[0201/200922.026:WARNING:pe_image_reader.cc(340)] could not read dos header from C:\WINDOWS\SYSTEM32\IPHLPAPI.DLL
[0201/200922.026:ERROR:process_memory_win.cc(73)] ReadMemory at 0x7ffc98220000 of 64 bytes failed: Only part of a ReadProcessMemory or WriteProcessMemory request was completed. (0x12B)
[0201/200922.026:WARNING:pe_image_reader.cc(340)] could not read dos header from C:\WINDOWS\SYSTEM32\WINMM.dll
[0201/200922.026:ERROR:process_memory_win.cc(73)] ReadMemory at 0x7ffc9bae0000 of 64 bytes failed: Only part of a ReadProcessMemory or WriteProcessMemory request was completed. (0x12B)
[0201/200922.026:WARNING:pe_image_reader.cc(340)] could not read dos header from C:\WINDOWS\SYSTEM32\USERENV.dll
[0201/200922.026:ERROR:process_memory_win.cc(73)] ReadMemory at 0x7ffc9bbf0000 of 64 bytes failed: Only part of a ReadProcessMemory or WriteProcessMemory request was completed. (0x12B)
[0201/200922.026:WARNING:pe_image_reader.cc(340)] could not read dos header from C:\WINDOWS\System32\profapi.dll
[0201/200922.026:ERROR:process_memory_win.cc(73)] ReadMemory at 0x7ffc8cbc0000 of 64 bytes failed: Only part of a ReadProcessMemory or WriteProcessMemory request was completed. (0x12B)
[0201/200922.026:WARNING:pe_image_reader.cc(340)] could not read dos header from C:\WINDOWS\SYSTEM32\DWrite.dll
[0201/200922.026:ERROR:process_memory_win.cc(73)] ReadMemory at 0x7ffc8ef80000 of 64 bytes failed: Only part of a ReadProcessMemory or WriteProcessMemory request was completed. (0x12B)
[0201/200922.026:WARNING:pe_image_reader.cc(340)] could not read dos header from C:\WINDOWS\SYSTEM32\WINSPOOL.DRV
[0201/200922.026:ERROR:process_memory_win.cc(73)] ReadMemory at 0x7ffc9bbd0000 of 64 bytes failed: Only part of a ReadProcessMemory or WriteProcessMemory request was completed. (0x12B)
[0201/200922.026:WARNING:pe_image_reader.cc(340)] could not read dos header from C:\WINDOWS\System32\kernel.appcore.dll
[0201/200922.026:ERROR:process_memory_win.cc(73)] ReadMemory at 0x7ffc9cb50000 of 64 bytes failed: Only part of a ReadProcessMemory or WriteProcessMemory request was completed. (0x12B)
[0201/200922.026:WARNING:pe_image_reader.cc(340)] could not read dos header from C:\WINDOWS\System32\bcrypt.dll
[0201/200922.026:ERROR:process_memory_win.cc(73)] ReadMemory at 0x7ffc922e0000 of 64 bytes failed: Only part of a ReadProcessMemory or WriteProcessMemory request was completed. (0x12B)
[0201/200922.026:WARNING:pe_image_reader.cc(340)] could not read dos header from C:\WINDOWS\SYSTEM32\dbghelp.dll
[0201/200922.026:ERROR:process_memory_win.cc(73)] ReadMemory at 0x7ffc89000000 of 64 bytes failed: Only part of a ReadProcessMemory or WriteProcessMemory request was completed. (0x12B)
[0201/200922.026:WARNING:pe_image_reader.cc(340)] could not read dos header from C:\WINDOWS\SYSTEM32\Secur32.dll
[0201/200922.026:ERROR:process_memory_win.cc(73)] ReadMemory at 0x7ffc96480000 of 64 bytes failed: Only part of a ReadProcessMemory or WriteProcessMemory request was completed. (0x12B)
[0201/200922.026:WARNING:pe_image_reader.cc(340)] could not read dos header from C:\WINDOWS\SYSTEM32\WINHTTP.dll
[0201/200922.026:ERROR:process_memory_win.cc(73)] ReadMemory at 0x7ffc96a20000 of 64 bytes failed: Only part of a ReadProcessMemory or WriteProcessMemory request was completed. (0x12B)
[0201/200922.026:WARNING:pe_image_reader.cc(340)] could not read dos header from C:\WINDOWS\SYSTEM32\dhcpcsvc.DLL
[0201/200922.026:ERROR:process_memory_win.cc(73)] ReadMemory at 0x7ffc9df70000 of 64 bytes failed: Only part of a ReadProcessMemory or WriteProcessMemory request was completed. (0x12B)
[0201/200922.026:WARNING:pe_image_reader.cc(340)] could not read dos header from C:\WINDOWS\System32\NSI.dll
[0201/200922.026:ERROR:process_memory_win.cc(73)] ReadMemory at 0x7ffc981c0000 of 64 bytes failed: Only part of a ReadProcessMemory or WriteProcessMemory request was completed. (0x12B)
[0201/200922.026:WARNING:pe_image_reader.cc(340)] could not read dos header from C:\WINDOWS\SYSTEM32\WINMMBASE.dll
[0201/200922.026:ERROR:process_memory_win.cc(73)] ReadMemory at 0x7ffc9cd50000 of 64 bytes failed: Only part of a ReadProcessMemory or WriteProcessMemory request was completed. (0x12B)
[0201/200922.026:WARNING:pe_image_reader.cc(340)] could not read dos header from C:\WINDOWS\System32\cfgmgr32.dll
[0201/200922.026:ERROR:process_memory_win.cc(73)] ReadMemory at 0x7ffc98520000 of 64 bytes failed: Only part of a ReadProcessMemory or WriteProcessMemory request was completed. (0x12B)
[0201/200922.026:WARNING:pe_image_reader.cc(340)] could not read dos header from C:\WINDOWS\SYSTEM32\PROPSYS.dll
[0201/200922.026:ERROR:process_memory_win.cc(73)] ReadMemory at 0x7ffc9da90000 of 64 bytes failed: Only part of a ReadProcessMemory or WriteProcessMemory request was completed. (0x12B)
[0201/200922.026:WARNING:pe_image_reader.cc(340)] could not read dos header from C:\WINDOWS\System32\shcore.dll
[0201/200922.026:ERROR:process_memory_win.cc(73)] ReadMemory at 0x7ffc9bab0000 of 64 bytes failed: Only part of a ReadProcessMemory or WriteProcessMemory request was completed. (0x12B)
[0201/200922.026:WARNING:pe_image_reader.cc(340)] could not read dos header from C:\WINDOWS\SYSTEM32\SSPICLI.DLL
[0201/200922.026:ERROR:process_memory_win.cc(73)] ReadMemory at 0x7ffc9b5a0000 of 64 bytes failed: Only part of a ReadProcessMemory or WriteProcessMemory request was completed. (0x12B)
[0201/200922.026:WARNING:pe_image_reader.cc(340)] could not read dos header from C:\WINDOWS\SYSTEM32\CRYPTBASE.DLL
[0201/200922.152:ERROR:process_memory_win.cc(73)] ReadMemory at 0x9e3d1f1000 of 61440 bytes failed: Only part of a ReadProcessMemory or WriteProcessMemory request was completed. (0x12B)
[0201/200922.152:ERROR:process_memory_win.cc(73)] ReadMemory at 0x9e3d9fd000 of 12288 bytes failed: Only part of a ReadProcessMemory or WriteProcessMemory request was completed. (0x12B)
[0201/200922.152:ERROR:process_memory_win.cc(73)] ReadMemory at 0x9e3e9fd000 of 12288 bytes failed: Only part of a ReadProcessMemory or WriteProcessMemory request was completed. (0x12B)
[0201/200922.152:ERROR:process_memory_win.cc(73)] ReadMemory at 0x9e3f1fc000 of 16384 bytes failed: Only part of a ReadProcessMemory or WriteProcessMemory request was completed. (0x12B)
[0201/200922.152:ERROR:process_memory_win.cc(73)] ReadMemory at 0x9e3f9ff000 of 4096 bytes failed: Only part of a ReadProcessMemory or WriteProcessMemory request was completed. (0x12B)
[0201/200922.152:ERROR:process_memory_win.cc(73)] ReadMemory at 0x9e401fd000 of 12288 bytes failed: Only part of a ReadProcessMemory or WriteProcessMemory request was completed. (0x12B)
[0201/200922.152:ERROR:process_memory_win.cc(73)] ReadMemory at 0x9e409fb000 of 20480 bytes failed: Only part of a ReadProcessMemory or WriteProcessMemory request was completed. (0x12B)
[0201/200922.152:ERROR:process_memory_win.cc(73)] ReadMemory at 0x9e419fa000 of 24576 bytes failed: Only part of a ReadProcessMemory or WriteProcessMemory request was completed. (0x12B)
[0201/200922.152:ERROR:process_memory_win.cc(73)] ReadMemory at 0x9e421f7000 of 36864 bytes failed: Only part of a ReadProcessMemory or WriteProcessMemory request was completed. (0x12B)
[0201/200922.152:ERROR:process_memory_win.cc(73)] ReadMemory at 0x9e429fd000 of 12288 bytes failed: Only part of a ReadProcessMemory or WriteProcessMemory request was completed. (0x12B)
[0201/200922.152:ERROR:process_memory_win.cc(73)] ReadMemory at 0x9e3e1fd000 of 12288 bytes failed: Only part of a ReadProcessMemory or WriteProcessMemory request was completed. (0x12B)
[0201/200922.152:ERROR:process_memory_win.cc(73)] ReadMemory at 0x9e431fa000 of 24576 bytes failed: Only part of a ReadProcessMemory or WriteProcessMemory request was completed. (0x12B)
[0201/200922.152:ERROR:process_memory_win.cc(73)] ReadMemory at 0x9e411ff000 of 4096 bytes failed: Only part of a ReadProcessMemory or WriteProcessMemory request was completed. (0x12B)
[0201/200922.152:ERROR:process_memory_win.cc(73)] ReadMemory at 0x9e439f6000 of 40960 bytes failed: Only part of a ReadProcessMemory or WriteProcessMemory request was completed. (0x12B)
[0201/200922.152:ERROR:process_memory_win.cc(73)] ReadMemory at 0x9e441f6000 of 40960 bytes failed: Only part of a ReadProcessMemory or WriteProcessMemory request was completed. (0x12B)
[0201/200922.152:ERROR:process_memory_win.cc(73)] ReadMemory at 0x9e449fe000 of 8192 bytes failed: Only part of a ReadProcessMemory or WriteProcessMemory request was completed. (0x12B)
[0201/200922.152:ERROR:process_memory_win.cc(73)] ReadMemory at 0x9e3c800000 of 6024 bytes failed: Only part of a ReadProcessMemory or WriteProcessMemory request was completed. (0x12B)
[0201/200922.152:ERROR:process_memory_win.cc(73)] ReadMemory at 0x9e3c802000 of 6024 bytes failed: Only part of a ReadProcessMemory or WriteProcessMemory request was completed. (0x12B)
[0201/200922.152:ERROR:process_memory_win.cc(73)] ReadMemory at 0x9e3c806000 of 6024 bytes failed: Only part of a ReadProcessMemory or WriteProcessMemory request was completed. (0x12B)
[0201/200922.152:ERROR:process_memory_win.cc(73)] ReadMemory at 0x9e3c808000 of 6024 bytes failed: Only part of a ReadProcessMemory or WriteProcessMemory request was completed. (0x12B)
[0201/200922.152:ERROR:process_memory_win.cc(73)] ReadMemory at 0x9e3c80a000 of 6024 bytes failed: Only part of a ReadProcessMemory or WriteProcessMemory request was completed. (0x12B)
[0201/200922.152:ERROR:process_memory_win.cc(73)] ReadMemory at 0x9e3c80c000 of 6024 bytes failed: Only part of a ReadProcessMemory or WriteProcessMemory request was completed. (0x12B)
[0201/200922.152:ERROR:process_memory_win.cc(73)] ReadMemory at 0x9e3c80e000 of 6024 bytes failed: Only part of a ReadProcessMemory or WriteProcessMemory request was completed. (0x12B)
[0201/200922.152:ERROR:process_memory_win.cc(73)] ReadMemory at 0x9e3c812000 of 6024 bytes failed: Only part of a ReadProcessMemory or WriteProcessMemory request was completed. (0x12B)
[0201/200922.152:ERROR:process_memory_win.cc(73)] ReadMemory at 0x9e3c814000 of 6024 bytes failed: Only part of a ReadProcessMemory or WriteProcessMemory request was completed. (0x12B)
[0201/200922.152:ERROR:process_memory_win.cc(73)] ReadMemory at 0x9e3c816000 of 6024 bytes failed: Only part of a ReadProcessMemory or WriteProcessMemory request was completed. (0x12B)
[0201/200922.152:ERROR:process_memory_win.cc(73)] ReadMemory at 0x9e3c81c000 of 6024 bytes failed: Only part of a ReadProcessMemory or WriteProcessMemory request was completed. (0x12B)
[0201/200922.152:ERROR:process_memory_win.cc(73)] ReadMemory at 0x9e3c822000 of 6024 bytes failed: Only part of a ReadProcessMemory or WriteProcessMemory request was completed. (0x12B)
[0201/200922.152:ERROR:process_memory_win.cc(73)] ReadMemory at 0x9e3c826000 of 6024 bytes failed: Only part of a ReadProcessMemory or WriteProcessMemory request was completed. (0x12B)
[0201/200922.152:ERROR:process_memory_win.cc(73)] ReadMemory at 0x9e3c82a000 of 6024 bytes failed: Only part of a ReadProcessMemory or WriteProcessMemory request was completed. (0x12B)
[0201/200922.152:ERROR:process_memory_win.cc(73)] ReadMemory at 0x9e3c82c000 of 6024 bytes failed: Only part of a ReadProcessMemory or WriteProcessMemory request was completed. (0x12B)
[0201/200922.152:ERROR:process_memory_win.cc(73)] ReadMemory at 0x9e3c82e000 of 6024 bytes failed: Only part of a ReadProcessMemory or WriteProcessMemory request was completed. (0x12B)
[0201/200922.152:ERROR:process_memory_win.cc(73)] ReadMemory at 0x9e3c9ff000 of 852 bytes failed: Only part of a ReadProcessMemory or WriteProcessMemory request was completed. (0x12B)
[0201/200922.152:ERROR:process_memory_win.cc(73)] ReadMemory at 0x23701840750 of 80 bytes failed: Only part of a ReadProcessMemory or WriteProcessMemory request was completed. (0x12B)
[0201/200922.152:ERROR:process_memory_win.cc(73)] ReadMemory at 0x23701840ad0 of 512 bytes failed: Only part of a ReadProcessMemory or WriteProcessMemory request was completed. (0x12B)
[0201/200922.168:ERROR:process_memory_win.cc(73)] ReadMemory at 0x23701840fe0 of 16248 bytes failed: Only part of a ReadProcessMemory or WriteProcessMemory request was completed. (0x12B)
[0201/200922.168:ERROR:process_memory_win.cc(73)] ReadMemory at 0x23701844f60 of 1012 bytes failed: Only part of a ReadProcessMemory or WriteProcessMemory request was completed. (0x12B)
[0201/200922.168:ERROR:process_memory_win.cc(73)] ReadMemory at 0x237018455a8 of 118 bytes failed: Only part of a ReadProcessMemory or WriteProcessMemory request was completed. (0x12B)
[0201/200922.168:ERROR:process_memory_win.cc(73)] ReadMemory at 0x23701845620 of 860 bytes failed: Only part of a ReadProcessMemory or WriteProcessMemory request was completed. (0x12B)
[0201/200922.168:ERROR:process_memory_win.cc(73)] ReadMemory at 0x2370184597e of 118 bytes failed: Only part of a ReadProcessMemory or WriteProcessMemory request was completed. (0x12B)
[0201/200922.168:ERROR:process_memory_win.cc(73)] ReadMemory at 0x237018459f6 of 100 bytes failed: Only part of a ReadProcessMemory or WriteProcessMemory request was completed. (0x12B)
[0201/200922.168:ERROR:process_memory_win.cc(73)] ReadMemory at 0x23701845a70 of 58 bytes failed: Only part of a ReadProcessMemory or WriteProcessMemory request was completed. (0x12B)
[0201/200922.168:ERROR:process_memory_win.cc(73)] ReadMemory at 0x23701845b70 of 132 bytes failed: Only part of a ReadProcessMemory or WriteProcessMemory request was completed. (0x12B)
[0201/200922.168:ERROR:process_memory_win.cc(73)] ReadMemory at 0x23701845d00 of 132 bytes failed: Only part of a ReadProcessMemory or WriteProcessMemory request was completed. (0x12B)
[0201/200922.168:ERROR:process_memory_win.cc(73)] ReadMemory at 0x23701845ec0 of 126 bytes failed: Only part of a ReadProcessMemory or WriteProcessMemory request was completed. (0x12B)
[0201/200922.168:ERROR:process_memory_win.cc(73)] ReadMemory at 0x237018462a0 of 132 bytes failed: Only part of a ReadProcessMemory or WriteProcessMemory request was completed. (0x12B)
[0201/200922.168:ERROR:process_memory_win.cc(73)] ReadMemory at 0x23701846430 of 64 bytes failed: Only part of a ReadProcessMemory or WriteProcessMemory request was completed. (0x12B)
[0201/200922.168:ERROR:process_memory_win.cc(73)] ReadMemory at 0x237018465f0 of 132 bytes failed: Only part of a ReadProcessMemory or WriteProcessMemory request was completed. (0x12B)
[0201/200922.168:ERROR:process_memory_win.cc(73)] ReadMemory at 0x23701846890 of 132 bytes failed: Only part of a ReadProcessMemory or WriteProcessMemory request was completed. (0x12B)
[0201/200922.168:ERROR:process_memory_win.cc(73)] ReadMemory at 0x23701846a20 of 68 bytes failed: Only part of a ReadProcessMemory or WriteProcessMemory request was completed. (0x12B)
[0201/200922.168:ERROR:process_memory_win.cc(73)] ReadMemory at 0x23701847a40 of 158 bytes failed: Only part of a ReadProcessMemory or WriteProcessMemory request was completed. (0x12B)
[0201/200922.168:ERROR:process_memory_win.cc(73)] ReadMemory at 0x23701847b20 of 132 bytes failed: Only part of a ReadProcessMemory or WriteProcessMemory request was completed. (0x12B)
[0201/200922.168:ERROR:process_memory_win.cc(73)] ReadMemory at 0x23701847cb0 of 154 bytes failed: Only part of a ReadProcessMemory or WriteProcessMemory request was completed. (0x12B)
[0201/200922.168:ERROR:process_memory_win.cc(73)] ReadMemory at 0x23701848ac0 of 62 bytes failed: Only part of a ReadProcessMemory or WriteProcessMemory request was completed. (0x12B)
[0201/200922.168:ERROR:process_memory_win.cc(73)] ReadMemory at 0x23701848c20 of 132 bytes failed: Only part of a ReadProcessMemory or WriteProcessMemory request was completed. (0x12B)
[0201/200922.168:ERROR:process_memory_win.cc(73)] ReadMemory at 0x23701848db0 of 60 bytes failed: Only part of a ReadProcessMemory or WriteProcessMemory request was completed. (0x12B)
[0201/200922.168:ERROR:process_memory_win.cc(73)] ReadMemory at 0x23701849a60 of 132 bytes failed: Only part of a ReadProcessMemory or WriteProcessMemory request was completed. (0x12B)
[0201/200922.168:ERROR:process_memory_win.cc(73)] ReadMemory at 0x23701849db0 of 132 bytes failed: Only part of a ReadProcessMemory or WriteProcessMemory request was completed. (0x12B)
[0201/200922.168:ERROR:process_memory_win.cc(73)] ReadMemory at 0x2370184a020 of 132 bytes failed: Only part of a ReadProcessMemory or WriteProcessMemory request was completed. (0x12B)
[0201/200922.168:ERROR:process_memory_win.cc(73)] ReadMemory at 0x2370184a150 of 132 bytes failed: Only part of a ReadProcessMemory or WriteProcessMemory request was completed. (0x12B)
[0201/200922.168:ERROR:process_memory_win.cc(73)] ReadMemory at 0x2370184a430 of 132 bytes failed: Only part of a ReadProcessMemory or WriteProcessMemory request was completed. (0x12B)
[0201/200922.168:ERROR:process_memory_win.cc(73)] ReadMemory at 0x2370184a730 of 132 bytes failed: Only part of a ReadProcessMemory or WriteProcessMemory request was completed. (0x12B)
[0201/200922.168:ERROR:process_memory_win.cc(73)] ReadMemory at 0x2370184d680 of 62 bytes failed: Only part of a ReadProcessMemory or WriteProcessMemory request was completed. (0x12B)
[0201/200922.168:ERROR:process_memory_win.cc(73)] ReadMemory at 0x2370184d6d0 of 60 bytes failed: Only part of a ReadProcessMemory or WriteProcessMemory request was completed. (0x12B)
[0201/200922.168:ERROR:process_memory_win.cc(73)] ReadMemory at 0x2370184d770 of 64 bytes failed: Only part of a ReadProcessMemory or WriteProcessMemory request was completed. (0x12B)
[0201/200922.168:ERROR:process_memory_win.cc(73)] ReadMemory at 0x2370184d7c0 of 64 bytes failed: Only part of a ReadProcessMemory or WriteProcessMemory request was completed. (0x12B)
[0201/200922.168:ERROR:process_memory_win.cc(73)] ReadMemory at 0x2370184d810 of 62 bytes failed: Only part of a ReadProcessMemory or WriteProcessMemory request was completed. (0x12B)
[0201/200922.168:ERROR:process_memory_win.cc(73)] ReadMemory at 0x2370184d950 of 60 bytes failed: Only part of a ReadProcessMemory or WriteProcessMemory request was completed. (0x12B)
[0201/200922.168:ERROR:process_memory_win.cc(73)] ReadMemory at 0x2370184dbd0 of 64 bytes failed: Only part of a ReadProcessMemory or WriteProcessMemory request was completed. (0x12B)
[0201/200922.168:ERROR:process_memory_win.cc(73)] ReadMemory at 0x2370184dc70 of 66 bytes failed: Only part of a ReadProcessMemory or WriteProcessMemory request was completed. (0x12B)
[0201/200922.168:ERROR:process_memory_win.cc(73)] ReadMemory at 0x2370184dd10 of 64 bytes failed: Only part of a ReadProcessMemory or WriteProcessMemory request was completed. (0x12B)
[0201/200922.168:ERROR:process_memory_win.cc(73)] ReadMemory at 0x2370184eb60 of 76 bytes failed: Only part of a ReadProcessMemory or WriteProcessMemory request was completed. (0x12B)
[0201/200922.168:ERROR:process_memory_win.cc(73)] ReadMemory at 0x23701852530 of 132 bytes failed: Only part of a ReadProcessMemory or WriteProcessMemory request was completed. (0x12B)
[0201/200922.168:ERROR:process_memory_win.cc(73)] ReadMemory at 0x23701853940 of 132 bytes failed: Only part of a ReadProcessMemory or WriteProcessMemory request was completed. (0x12B)
[0201/200922.168:ERROR:process_memory_win.cc(73)] ReadMemory at 0x23701854010 of 132 bytes failed: Only part of a ReadProcessMemory or WriteProcessMemory request was completed. (0x12B)
[0201/200922.168:ERROR:process_memory_win.cc(73)] ReadMemory at 0x23701854140 of 132 bytes failed: Only part of a ReadProcessMemory or WriteProcessMemory request was completed. (0x12B)
[0201/200922.168:ERROR:process_memory_win.cc(73)] ReadMemory at 0x23701855860 of 132 bytes failed: Only part of a ReadProcessMemory or WriteProcessMemory request was completed. (0x12B)
[0201/200922.168:ERROR:process_memory_win.cc(73)] ReadMemory at 0x23701855990 of 132 bytes failed: Only part of a ReadProcessMemory or WriteProcessMemory request was completed. (0x12B)
[0201/200922.168:ERROR:process_memory_win.cc(73)] ReadMemory at 0x23701855bf0 of 132 bytes failed: Only part of a ReadProcessMemory or WriteProcessMemory request was completed. (0x12B)
[0201/200922.168:ERROR:process_memory_win.cc(73)] ReadMemory at 0x23701855d20 of 132 bytes failed: Only part of a ReadProcessMemory or WriteProcessMemory request was completed. (0x12B)
[0201/200922.168:ERROR:process_memory_win.cc(73)] ReadMemory at 0x23701855e50 of 132 bytes failed: Only part of a ReadProcessMemory or WriteProcessMemory request was completed. (0x12B)
[0201/200922.168:ERROR:process_memory_win.cc(73)] ReadMemory at 0x23701855f80 of 132 bytes failed: Only part of a ReadProcessMemory or WriteProcessMemory request was completed. (0x12B)
[0201/200922.168:ERROR:process_memory_win.cc(73)] ReadMemory at 0x237018560b0 of 132 bytes failed: Only part of a ReadProcessMemory or WriteProcessMemory request was completed. (0x12B)
[0201/200922.168:ERROR:process_memory_win.cc(73)] ReadMemory at 0x237018561e0 of 132 bytes failed: Only part of a ReadProcessMemory or WriteProcessMemory request was completed. (0x12B)
[0201/200922.168:ERROR:process_memory_win.cc(73)] ReadMemory at 0x23701856310 of 132 bytes failed: Only part of a ReadProcessMemory or WriteProcessMemory request was completed. (0x12B)
[0201/200922.168:ERROR:process_memory_win.cc(73)] ReadMemory at 0x23701856440 of 132 bytes failed: Only part of a ReadProcessMemory or WriteProcessMemory request was completed. (0x12B)
[0201/200922.168:ERROR:process_memory_win.cc(73)] ReadMemory at 0x23701856570 of 132 bytes failed: Only part of a ReadProcessMemory or WriteProcessMemory request was completed. (0x12B)
[0201/200922.168:ERROR:process_memory_win.cc(73)] ReadMemory at 0x237018566a0 of 132 bytes failed: Only part of a ReadProcessMemory or WriteProcessMemory request was completed. (0x12B)
[0201/200922.168:ERROR:process_memory_win.cc(73)] ReadMemory at 0x23701857190 of 512 bytes failed: Only part of a ReadProcessMemory or WriteProcessMemory request was completed. (0x12B)
[0201/200922.168:ERROR:process_memory_win.cc(73)] ReadMemory at 0x23701859010 of 54 bytes failed: Only part of a ReadProcessMemory or WriteProcessMemory request was completed. (0x12B)
[0201/200922.168:ERROR:process_memory_win.cc(73)] ReadMemory at 0x2370185a1e0 of 62 bytes failed: Only part of a ReadProcessMemory or WriteProcessMemory request was completed. (0x12B)
[0201/200922.168:ERROR:process_memory_win.cc(73)] ReadMemory at 0x2370185a230 of 62 bytes failed: Only part of a ReadProcessMemory or WriteProcessMemory request was completed. (0x12B)
[0201/200922.168:ERROR:process_memory_win.cc(73)] ReadMemory at 0x2370185a280 of 64 bytes failed: Only part of a ReadProcessMemory or WriteProcessMemory request was completed. (0x12B)
[0201/200922.168:ERROR:process_memory_win.cc(73)] ReadMemory at 0x2370185a2d0 of 60 bytes failed: Only part of a ReadProcessMemory or WriteProcessMemory request was completed. (0x12B)
[0201/200922.168:ERROR:process_memory_win.cc(73)] ReadMemory at 0x2370185a320 of 66 bytes failed: Only part of a ReadProcessMemory or WriteProcessMemory request was completed. (0x12B)
[0201/200922.183:ERROR:process_memory_win.cc(73)] ReadMemory at 0x2370185a4b0 of 58 bytes failed: Only part of a ReadProcessMemory or WriteProcessMemory request was completed. (0x12B)
[0201/200922.183:ERROR:process_memory_win.cc(73)] ReadMemory at 0x2370185a500 of 60 bytes failed: Only part of a ReadProcessMemory or WriteProcessMemory request was completed. (0x12B)
[0201/200922.183:ERROR:process_memory_win.cc(73)] ReadMemory at 0x2370185a780 of 64 bytes failed: Only part of a ReadProcessMemory or WriteProcessMemory request was completed. (0x12B)
[0201/200922.183:ERROR:process_memory_win.cc(73)] ReadMemory at 0x2370185a820 of 62 bytes failed: Only part of a ReadProcessMemory or WriteProcessMemory request was completed. (0x12B)
[0201/200922.183:ERROR:process_memory_win.cc(73)] ReadMemory at 0x2370185a8c0 of 62 bytes failed: Only part of a ReadProcessMemory or WriteProcessMemory request was completed. (0x12B)
[0201/200922.183:ERROR:process_memory_win.cc(73)] ReadMemory at 0x2370185a910 of 62 bytes failed: Only part of a ReadProcessMemory or WriteProcessMemory request was completed. (0x12B)
[0201/200922.183:ERROR:process_memory_win.cc(73)] ReadMemory at 0x2370185a9b0 of 60 bytes failed: Only part of a ReadProcessMemory or WriteProcessMemory request was completed. (0x12B)
[0201/200922.183:ERROR:process_memory_win.cc(73)] ReadMemory at 0x2370185aaf0 of 62 bytes failed: Only part of a ReadProcessMemory or WriteProcessMemory request was completed. (0x12B)
[0201/200922.183:ERROR:process_memory_win.cc(73)] ReadMemory at 0x2370185ab40 of 62 bytes failed: Only part of a ReadProcessMemory or WriteProcessMemory request was completed. (0x12B)
[0201/200922.183:ERROR:process_memory_win.cc(73)] ReadMemory at 0x2370185ac80 of 64 bytes failed: Only part of a ReadProcessMemory or WriteProcessMemory request was completed. (0x12B)
[0201/200922.183:ERROR:process_memory_win.cc(73)] ReadMemory at 0x2370185adc0 of 62 bytes failed: Only part of a ReadProcessMemory or WriteProcessMemory request was completed. (0x12B)
[0201/200922.183:ERROR:process_memory_win.cc(73)] ReadMemory at 0x2370185ae10 of 60 bytes failed: Only part of a ReadProcessMemory or WriteProcessMemory request was completed. (0x12B)
[0201/200922.183:ERROR:process_memory_win.cc(73)] ReadMemory at 0x2370185ae60 of 64 bytes failed: Only part of a ReadProcessMemory or WriteProcessMemory request was completed. (0x12B)
[0201/200922.183:ERROR:process_memory_win.cc(73)] ReadMemory at 0x2370185afc0 of 132 bytes failed: Only part of a ReadProcessMemory or WriteProcessMemory request was completed. (0x12B)
[0201/200922.199:ERROR:process_memory_win.cc(73)] ReadMemory at 0x2370185b0f0 of 132 bytes failed: Only part of a ReadProcessMemory or WriteProcessMemory request was completed. (0x12B)
[0201/200922.199:ERROR:process_memory_win.cc(73)] ReadMemory at 0x2370185b220 of 132 bytes failed: Only part of a ReadProcessMemory or WriteProcessMemory request was completed. (0x12B)
[0201/200922.199:ERROR:process_memory_win.cc(73)] ReadMemory at 0x2370185b350 of 132 bytes failed: Only part of a ReadProcessMemory or WriteProcessMemory request was completed. (0x12B)
[0201/200922.199:ERROR:process_memory_win.cc(73)] ReadMemory at 0x2370185bba0 of 132 bytes failed: Only part of a ReadProcessMemory or WriteProcessMemory request was completed. (0x12B)
[0201/200922.199:ERROR:process_memory_win.cc(73)] ReadMemory at 0x2370185c060 of 132 bytes failed: Only part of a ReadProcessMemory or WriteProcessMemory request was completed. (0x12B)
[0201/200922.199:ERROR:process_memory_win.cc(73)] ReadMemory at 0x2370185c190 of 132 bytes failed: Only part of a ReadProcessMemory or WriteProcessMemory request was completed. (0x12B)
[0201/200922.199:ERROR:process_memory_win.cc(73)] ReadMemory at 0x2370185c3f0 of 132 bytes failed: Only part of a ReadProcessMemory or WriteProcessMemory request was completed. (0x12B)
[0201/200922.199:ERROR:process_memory_win.cc(73)] ReadMemory at 0x2370185cc40 of 132 bytes failed: Only part of a ReadProcessMemory or WriteProcessMemory request was completed. (0x12B)
[0201/200922.199:ERROR:process_memory_win.cc(73)] ReadMemory at 0x237018701f0 of 512 bytes failed: Only part of a ReadProcessMemory or WriteProcessMemory request was completed. (0x12B)
[0201/200922.199:ERROR:process_memory_win.cc(73)] ReadMemory at 0x2370187a1e0 of 512 bytes failed: Only part of a ReadProcessMemory or WriteProcessMemory request was completed. (0x12B)
[0201/200922.199:ERROR:process_memory_win.cc(73)] ReadMemory at 0x2370187a560 of 512 bytes failed: Only part of a ReadProcessMemory or WriteProcessMemory request was completed. (0x12B)
[0201/200922.199:ERROR:process_memory_win.cc(73)] ReadMemory at 0x23701aeab10 of 512 bytes failed: Only part of a ReadProcessMemory or WriteProcessMemory request was completed. (0x12B)
[0201/200922.199:ERROR:process_memory_win.cc(73)] ReadMemory at 0x23701af6550 of 512 bytes failed: Only part of a ReadProcessMemory or WriteProcessMemory request was completed. (0x12B)
[0201/200922.199:ERROR:process_memory_win.cc(73)] ReadMemory at 0x23701afd1c0 of 512 bytes failed: Only part of a ReadProcessMemory or WriteProcessMemory request was completed. (0x12B)
[0201/200922.199:ERROR:process_memory_win.cc(73)] ReadMemory at 0x23701b05f00 of 512 bytes failed: Only part of a ReadProcessMemory or WriteProcessMemory request was completed. (0x12B)
[0201/200922.199:ERROR:process_memory_win.cc(73)] ReadMemory at 0x23701b2adf0 of 712 bytes failed: Only part of a ReadProcessMemory or WriteProcessMemory request was completed. (0x12B)
[0201/200922.199:ERROR:process_memory_win.cc(73)] ReadMemory at 0x23701b6cad8 of 512 bytes failed: Only part of a ReadProcessMemory or WriteProcessMemory request was completed. (0x12B)
[0201/200922.199:ERROR:process_memory_win.cc(73)] ReadMemory at 0x23701b6d7c8 of 512 bytes failed: Only part of a ReadProcessMemory or WriteProcessMemory request was completed. (0x12B)
[0201/200922.199:ERROR:process_memory_win.cc(73)] ReadMemory at 0x23701b6db28 of 512 bytes failed: Only part of a ReadProcessMemory or WriteProcessMemory request was completed. (0x12B)
[0201/200922.199:ERROR:process_memory_win.cc(73)] ReadMemory at 0x23701b76ee0 of 512 bytes failed: Only part of a ReadProcessMemory or WriteProcessMemory request was completed. (0x12B)
[0201/200922.199:ERROR:process_memory_win.cc(73)] ReadMemory at 0x237039cdbd0 of 512 bytes failed: Only part of a ReadProcessMemory or WriteProcessMemory request was completed. (0x12B)
[0201/200922.199:ERROR:process_memory_win.cc(73)] ReadMemory at 0x23703a04a50 of 512 bytes failed: Only part of a ReadProcessMemory or WriteProcessMemory request was completed. (0x12B)
[0201/200922.199:ERROR:process_memory_win.cc(73)] ReadMemory at 0x23703ae9ac0 of 512 bytes failed: Only part of a ReadProcessMemory or WriteProcessMemory request was completed. (0x12B)
[0201/200922.199:ERROR:process_memory_win.cc(73)] ReadMemory at 0x23703b2d3a0 of 512 bytes failed: Only part of a ReadProcessMemory or WriteProcessMemory request was completed. (0x12B)
[0201/200922.199:ERROR:process_memory_win.cc(73)] ReadMemory at 0x2370429c330 of 512 bytes failed: Only part of a ReadProcessMemory or WriteProcessMemory request was completed. (0x12B)
[0201/200922.199:ERROR:process_memory_win.cc(73)] ReadMemory at 0x237042b1050 of 512 bytes failed: Only part of a ReadProcessMemory or WriteProcessMemory request was completed. (0x12B)
[0201/200922.199:ERROR:process_memory_win.cc(73)] ReadMemory at 0x237061108f0 of 512 bytes failed: Only part of a ReadProcessMemory or WriteProcessMemory request was completed. (0x12B)
[0201/200922.199:ERROR:process_memory_win.cc(73)] ReadMemory at 0x23707c39660 of 512 bytes failed: Only part of a ReadProcessMemory or WriteProcessMemory request was completed. (0x12B)
[0201/200922.199:ERROR:process_memory_win.cc(73)] ReadMemory at 0x9abf3116278 of 512 bytes failed: Only part of a ReadProcessMemory or WriteProcessMemory request was completed. (0x12B)
[0201/200922.199:ERROR:process_memory_win.cc(73)] ReadMemory at 0x2340f9d4c411 of 512 bytes failed: Only part of a ReadProcessMemory or WriteProcessMemory request was completed. (0x12B)
[0201/200922.199:ERROR:process_memory_win.cc(73)] ReadMemory at 0x2b81cbdc8418 of 512 bytes failed: Only part of a ReadProcessMemory or WriteProcessMemory request was completed. (0x12B)
[0201/200922.199:ERROR:process_memory_win.cc(73)] ReadMemory at 0x2e85665c4251 of 512 bytes failed: Only part of a ReadProcessMemory or WriteProcessMemory request was completed. (0x12B)
[0201/200922.199:ERROR:process_memory_win.cc(73)] ReadMemory at 0x354287798319 of 512 bytes failed: Only part of a ReadProcessMemory or WriteProcessMemory request was completed. (0x12B)
[0201/200922.199:ERROR:process_memory_win.cc(73)] ReadMemory at 0x3cd7a05c69c0 of 512 bytes failed: Only part of a ReadProcessMemory or WriteProcessMemory request was completed. (0x12B)
[0201/200922.199:ERROR:process_memory_win.cc(73)] ReadMemory at 0x426ece28a431 of 512 bytes failed: Only part of a ReadProcessMemory or WriteProcessMemory request was completed. (0x12B)
[0201/200922.199:ERROR:process_memory_win.cc(73)] ReadMemory at 0x55a67df81000 of 448 bytes failed: Only part of a ReadProcessMemory or WriteProcessMemory request was completed. (0x12B)
[0201/200922.199:ERROR:process_memory_win.cc(73)] ReadMemory at 0x55a67dfa7f00 of 512 bytes failed: Only part of a ReadProcessMemory or WriteProcessMemory request was completed. (0x12B)
[0201/200922.199:ERROR:process_memory_win.cc(73)] ReadMemory at 0x5aed8f304488 of 512 bytes failed: Only part of a ReadProcessMemory or WriteProcessMemory request was completed. (0x12B)
[0201/200922.199:ERROR:process_memory_win.cc(73)] ReadMemory at 0x7ffc551c2a0c of 512 bytes failed: Only part of a ReadProcessMemory or WriteProcessMemory request was completed. (0x12B)
[0201/200922.199:ERROR:process_memory_win.cc(73)] ReadMemory at 0x7ffc56b87794 of 512 bytes failed: Only part of a ReadProcessMemory or WriteProcessMemory request was completed. (0x12B)
[0201/200922.199:ERROR:process_memory_win.cc(73)] ReadMemory at 0x7ffc6c9c7bc3 of 512 bytes failed: Only part of a ReadProcessMemory or WriteProcessMemory request was completed. (0x12B)
[0201/200922.199:ERROR:process_memory_win.cc(73)] ReadMemory at 0x7ffc6c9c83ba of 512 bytes failed: Only part of a ReadProcessMemory or WriteProcessMemory request was completed. (0x12B)
[0201/200922.199:ERROR:process_memory_win.cc(73)] ReadMemory at 0x7ffc9ecdc0c4 of 672 bytes failed: Only part of a ReadProcessMemory or WriteProcessMemory request was completed. (0x12B)
[0201/200922.199:ERROR:process_memory_win.cc(73)] ReadMemory at 0x7ffc9ecdf974 of 608 bytes failed: Only part of a ReadProcessMemory or WriteProcessMemory request was completed. (0x12B)
[0201/200922.199:ERROR:process_memory_win.cc(73)] ReadMemory at 0x7ffc9ed6c428 of 18 bytes failed: Only part of a ReadProcessMemory or WriteProcessMemory request was completed. (0x12B)
[0201/200922.199:ERROR:process_memory_win.cc(73)] ReadMemory at 0x7ffc9ed9f4f8 of 40 bytes failed: Only part of a ReadProcessMemory or WriteProcessMemory request was completed. (0x12B)
[0201/200922.199:ERROR:process_memory_win.cc(73)] ReadMemory at 0x7ffc9ed9f978 of 48 bytes failed: Only part of a ReadProcessMemory or WriteProcessMemory request was completed. (0x12B)
[0201/200922.199:ERROR:process_memory_win.cc(73)] ReadMemory at 0x7ffc9eda53c0 of 64 bytes failed: Only part of a ReadProcessMemory or WriteProcessMemory request was completed. (0x12B)
[0201/200922.199:ERROR:scoped_process_suspend.cc(40)] NtResumeProcess: An attempt was made to access an exiting process. (0xc000010a)
